янв. 28, 2023 12:22:48 AM ProjJava.less2.LogFile info
INFO: Buble sorted: An array of 5 elements has been created

янв. 28, 2023 12:22:57 AM ProjJava.less2.LogFile info
INFO: Buble sorted: The user enters 84 12 45 35 16 

янв. 28, 2023 12:22:57 AM ProjJava.less2.LogFile info
INFO: Buble sorted: The elements of the array 84 are replaced by 12

янв. 28, 2023 12:22:57 AM ProjJava.less2.LogFile info
INFO: Buble sorted: The elements of the array 84 are replaced by 45

янв. 28, 2023 12:22:57 AM ProjJava.less2.LogFile info
INFO: Buble sorted: The elements of the array 84 are replaced by 35

янв. 28, 2023 12:22:57 AM ProjJava.less2.LogFile info
INFO: Buble sorted: The elements of the array 84 are replaced by 16

янв. 28, 2023 12:22:57 AM ProjJava.less2.LogFile info
INFO: Buble sorted: The elements of the array 45 are replaced by 35

янв. 28, 2023 12:22:57 AM ProjJava.less2.LogFile info
INFO: Buble sorted: The elements of the array 45 are replaced by 16

янв. 28, 2023 12:22:57 AM ProjJava.less2.LogFile info
INFO: Buble sorted: The elements of the array 35 are replaced by 16

янв. 28, 2023 12:22:57 AM ProjJava.less2.LogFile info
INFO: Buble sorted: Complete array 12 16 35 45 84 

янв. 28, 2023 12:23:04 AM ProjJava.less2.LogFile warning
WARNING: Enter number a: Error enter user data

янв. 28, 2023 12:23:07 AM ProjJava.less2.LogFile warning
WARNING: Enter number a: Error enter user data

янв. 28, 2023 12:23:13 AM ProjJava.less2.LogFile warning
WARNING: Enter action is + or - or / or * : Error enter user data

янв. 28, 2023 12:23:44 AM ProjJava.less2.LogFile info
INFO: Simple calculator: User entered number 2.2 action * and number 2.5

янв. 28, 2023 12:23:44 AM ProjJava.less2.LogFile info
INFO: Simple calculator: Action result 5.5

янв. 28, 2023 12:24:33 AM ProjJava.less2.LogFile info
INFO: Buble sorted: An array of 6 elements has been created

янв. 28, 2023 12:24:47 AM ProjJava.less2.LogFile info
INFO: Buble sorted: The user enters 84 52 48 32 86 92 

янв. 28, 2023 12:24:47 AM ProjJava.less2.LogFile info
INFO: Buble sorted: The elements of the array 84 are replaced by 52

янв. 28, 2023 12:24:47 AM ProjJava.less2.LogFile info
INFO: Buble sorted: The elements of the array 84 are replaced by 48

янв. 28, 2023 12:24:47 AM ProjJava.less2.LogFile info
INFO: Buble sorted: The elements of the array 84 are replaced by 32

янв. 28, 2023 12:24:47 AM ProjJava.less2.LogFile info
INFO: Buble sorted: The elements of the array 52 are replaced by 48

янв. 28, 2023 12:24:47 AM ProjJava.less2.LogFile info
INFO: Buble sorted: The elements of the array 52 are replaced by 32

янв. 28, 2023 12:24:47 AM ProjJava.less2.LogFile info
INFO: Buble sorted: The elements of the array 48 are replaced by 32

янв. 28, 2023 12:24:47 AM ProjJava.less2.LogFile info
INFO: Buble sorted: Complete array 32 48 52 84 86 92 

янв. 28, 2023 12:24:54 AM ProjJava.less2.LogFile warning
WARNING: Enter number a: Error enter user data

янв. 28, 2023 12:25:01 AM ProjJava.less2.LogFile info
INFO: Simple calculator: User entered number 5.5 action / and number 5.0

янв. 28, 2023 12:25:01 AM ProjJava.less2.LogFile info
INFO: Simple calculator: Action result 1.1

